<?xml version="1.0" encoding="UTF-8"?>
<robot generator="Robot 7.4.2 (Python 3.14.4 on win32)" generated="2026-05-11T15:22:27.416294" rpa="false" schemaversion="5">
<suite id="s1" name="Login Test &amp; Add Employee Test &amp; Search Employee Test &amp; Edit Employee Test &amp; Logout Test">
<suite id="s1-s1" name="Login Test" source="C:\Users\admin\orangehrm-robot\tests\login_test.robot">
<test id="s1-s1-t1" name="Login With Valid Credentials" line="6">
<kw name="Open Browser To Login Page" owner="login_keywords">
<kw name="Evaluate" owner="BuiltIn">
<msg time="2026-05-11T15:22:27.786848" level="INFO">${options} = &lt;selenium.webdriver.chrome.options.Options object at 0x0000023C7159D6A0&gt;</msg>
<var>${options}</var>
<arg>sys.modules['selenium.webdriver'].ChromeOptions()</arg>
<arg>sys, selenium.webdriver</arg>
<doc>Evaluates the given expression in Python and returns the result.</doc>
<status status="PASS" start="2026-05-11T15:22:27.780177" elapsed="0.006744"/>
</kw>
<kw name="Call Method" owner="BuiltIn">
<arg>${options}</arg>
<arg>add_argument</arg>
<arg>--ignore-certificate-errors</arg>
<doc>Calls the named method of the given object with the provided arguments.</doc>
<status status="PASS" start="2026-05-11T15:22:27.787150" elapsed="0.002646"/>
</kw>
<kw name="Call Method" owner="BuiltIn">
<arg>${options}</arg>
<arg>add_argument</arg>
<arg>--allow-insecure-localhost</arg>
<doc>Calls the named method of the given object with the provided arguments.</doc>
<status status="PASS" start="2026-05-11T15:22:27.790044" elapsed="0.000803"/>
</kw>
<kw name="Open Browser" owner="SeleniumLibrary">
<msg time="2026-05-11T15:22:27.791773" level="INFO">Opening browser 'Chrome' to base url 'https://opensource-demo.orangehrmlive.com'.</msg>
<arg>${URL}</arg>
<arg>${BROWSER}</arg>
<arg>options=${options}</arg>
<doc>Opens a new browser instance to the optional ``url``.</doc>
<status status="PASS" start="2026-05-11T15:22:27.791087" elapsed="5.351390"/>
</kw>
<kw name="Maximize Browser Window" owner="SeleniumLibrary">
<doc>Maximizes current browser window.</doc>
<status status="PASS" start="2026-05-11T15:22:33.142770" elapsed="0.022780"/>
</kw>
<kw name="Wait Until Element Is Visible" owner="SeleniumLibrary">
<arg>name=username</arg>
<arg>timeout=10s</arg>
<doc>Waits until the element ``locator`` is visible.</doc>
<status status="PASS" start="2026-05-11T15:22:33.167856" elapsed="0.510918"/>
</kw>
<status status="PASS" start="2026-05-11T15:22:27.778968" elapsed="5.900021"/>
</kw>
<kw name="Input Username" owner="login_keywords">
<kw name="Input Text" owner="SeleniumLibrary">
<msg time="2026-05-11T15:22:33.680874" level="INFO">Typing text 'Admin' into text field 'name=username'.</msg>
<arg>name=username</arg>
<arg>${USERNAME}</arg>
<doc>Types the given ``text`` into the text field identified by ``locator``.</doc>
<status status="PASS" start="2026-05-11T15:22:33.680155" elapsed="0.105007"/>
</kw>
<kw name="Sleep" owner="BuiltIn">
<msg time="2026-05-11T15:22:34.786480" level="INFO">Slept 1 second.</msg>
<arg>1s</arg>
<doc>Pauses the test executed for the given time.</doc>
<status status="PASS" start="2026-05-11T15:22:33.785368" elapsed="1.001427"/>
</kw>
<status status="PASS" start="2026-05-11T15:22:33.679613" elapsed="1.107483"/>
</kw>
<kw name="Input Password" owner="login_keywords">
<kw name="Input Text" owner="SeleniumLibrary">
<msg time="2026-05-11T15:22:34.790637" level="INFO">Typing text 'admin123' into text field 'name=password'.</msg>
<arg>name=password</arg>
<arg>${PASSWORD}</arg>
<doc>Types the given ``text`` into the text field identified by ``locator``.</doc>
<status status="PASS" start="2026-05-11T15:22:34.789030" elapsed="0.159733"/>
</kw>
<kw name="Sleep" owner="BuiltIn">
<msg time="2026-05-11T15:22:35.951190" level="INFO">Slept 1 second.</msg>
<arg>1s</arg>
<doc>Pauses the test executed for the given time.</doc>
<status status="PASS" start="2026-05-11T15:22:34.949063" elapsed="1.002367"/>
</kw>
<status status="PASS" start="2026-05-11T15:22:34.788140" elapsed="1.163481"/>
</kw>
<kw name="Click Login Button" owner="login_keywords">
<kw name="Click Element" owner="SeleniumLibrary">
<msg time="2026-05-11T15:22:35.953700" level="INFO">Clicking element 'xpath=//button[@type='submit']'.</msg>
<arg>xpath=//button[@type='submit']</arg>
<doc>Click the element identified by ``locator``.</doc>
<status status="PASS" start="2026-05-11T15:22:35.952997" elapsed="0.092917"/>
</kw>
<kw name="Sleep" owner="BuiltIn">
<msg time="2026-05-11T15:22:37.047553" level="INFO">Slept 1 second.</msg>
<arg>1s</arg>
<doc>Pauses the test executed for the given time.</doc>
<status status="PASS" start="2026-05-11T15:22:36.046211" elapsed="1.001517"/>
</kw>
<status status="PASS" start="2026-05-11T15:22:35.952415" elapsed="1.095576"/>
</kw>
<kw name="Verify Login Successful" owner="login_keywords">
<kw name="Wait Until Page Contains" owner="SeleniumLibrary">
<arg>Dashboard</arg>
<arg>timeout=10s</arg>
<doc>Waits until ``text`` appears on the current page.</doc>
<status status="PASS" start="2026-05-11T15:22:37.049776" elapsed="2.474633"/>
</kw>
<kw name="Page Should Contain" owner="SeleniumLibrary">
<msg time="2026-05-11T15:22:39.535415" level="INFO">Current page contains text 'Dashboard'.</msg>
<arg>Dashboard</arg>
<doc>Verifies that current page contains ``text``.</doc>
<status status="PASS" start="2026-05-11T15:22:39.524710" elapsed="0.010852"/>
</kw>
<kw name="Sleep" owner="BuiltIn">
<msg time="2026-05-11T15:22:40.536802" level="INFO">Slept 1 second.</msg>
<arg>1s</arg>
<doc>Pauses the test executed for the given time.</doc>
<status status="PASS" start="2026-05-11T15:22:39.535741" elapsed="1.001276"/>
</kw>
<status status="PASS" start="2026-05-11T15:22:37.048958" elapsed="3.488268"/>
</kw>
<kw name="Close My Browser" owner="login_keywords">
<kw name="Close Browser" owner="SeleniumLibrary">
<doc>Closes the current browser.</doc>
<status status="PASS" start="2026-05-11T15:22:40.540785" elapsed="2.662334"/>
</kw>
<status status="PASS" start="2026-05-11T15:22:40.540190" elapsed="2.663353"/>
</kw>
<timeout value="1 minute"/>
<status status="PASS" start="2026-05-11T15:22:27.777806" elapsed="15.426995"/>
</test>
<status status="PASS" start="2026-05-11T15:22:27.474852" elapsed="15.733345"/>
</suite>
<suite id="s1-s2" name="Add Employee Test" source="C:\Users\admin\orangehrm-robot\tests\add_employee_test.robot">
<test id="s1-s2-t1" name="Add Full Employee Information Successfully" line="7">
<kw name="Open Browser To Login Page" owner="login_keywords">
<kw name="Evaluate" owner="BuiltIn">
<msg time="2026-05-11T15:22:43.259839" level="INFO">${options} = &lt;selenium.webdriver.chrome.options.Options object at 0x0000023C7172D1D0&gt;</msg>
<var>${options}</var>
<arg>sys.modules['selenium.webdriver'].ChromeOptions()</arg>
<arg>sys, selenium.webdriver</arg>
<doc>Evaluates the given expression in Python and returns the result.</doc>
<status status="PASS" start="2026-05-11T15:22:43.258828" elapsed="0.001093"/>
</kw>
<kw name="Call Method" owner="BuiltIn">
<arg>${options}</arg>
<arg>add_argument</arg>
<arg>--ignore-certificate-errors</arg>
<doc>Calls the named method of the given object with the provided arguments.</doc>
<status status="PASS" start="2026-05-11T15:22:43.260203" elapsed="0.000732"/>
</kw>
<kw name="Call Method" owner="BuiltIn">
<arg>${options}</arg>
<arg>add_argument</arg>
<arg>--allow-insecure-localhost</arg>
<doc>Calls the named method of the given object with the provided arguments.</doc>
<status status="PASS" start="2026-05-11T15:22:43.261349" elapsed="0.000912"/>
</kw>
<kw name="Open Browser" owner="SeleniumLibrary">
<msg time="2026-05-11T15:22:43.264169" level="INFO">Opening browser 'Chrome' to base url 'https://opensource-demo.orangehrmlive.com'.</msg>
<arg>${URL}</arg>
<arg>${BROWSER}</arg>
<arg>options=${options}</arg>
<doc>Opens a new browser instance to the optional ``url``.</doc>
<status status="PASS" start="2026-05-11T15:22:43.262904" elapsed="9.506490"/>
</kw>
<kw name="Maximize Browser Window" owner="SeleniumLibrary">
<doc>Maximizes current browser window.</doc>
<status status="PASS" start="2026-05-11T15:22:52.769766" elapsed="0.028824"/>
</kw>
<kw name="Wait Until Element Is Visible" owner="SeleniumLibrary">
<arg>name=username</arg>
<arg>timeout=10s</arg>
<doc>Waits until the element ``locator`` is visible.</doc>
<status status="PASS" start="2026-05-11T15:22:52.798872" elapsed="0.706352"/>
</kw>
<status status="PASS" start="2026-05-11T15:22:43.258071" elapsed="10.247348"/>
</kw>
<kw name="Input Username" owner="login_keywords">
<kw name="Input Text" owner="SeleniumLibrary">
<msg time="2026-05-11T15:22:53.506750" level="INFO">Typing text 'Admin' into text field 'name=username'.</msg>
<arg>name=username</arg>
<arg>${USERNAME}</arg>
<doc>Types the given ``text`` into the text field identified by ``locator``.</doc>
<status status="PASS" start="2026-05-11T15:22:53.506358" elapsed="0.114586"/>
</kw>
<kw name="Sleep" owner="BuiltIn">
<msg time="2026-05-11T15:22:54.622437" level="INFO">Slept 1 second.</msg>
<arg>1s</arg>
<doc>Pauses the test executed for the given time.</doc>
<status status="PASS" start="2026-05-11T15:22:53.621142" elapsed="1.001758"/>
</kw>
<status status="PASS" start="2026-05-11T15:22:53.505875" elapsed="1.117474"/>
</kw>
<kw name="Input Password" owner="login_keywords">
<kw name="Input Text" owner="SeleniumLibrary">
<msg time="2026-05-11T15:22:54.627426" level="INFO">Typing text 'admin123' into text field 'name=password'.</msg>
<arg>name=password</arg>
<arg>${PASSWORD}</arg>
<doc>Types the given ``text`` into the text field identified by ``locator``.</doc>
<status status="PASS" start="2026-05-11T15:22:54.626343" elapsed="0.182605"/>
</kw>
<kw name="Sleep" owner="BuiltIn">
<msg time="2026-05-11T15:22:55.810044" level="INFO">Slept 1 second.</msg>
<arg>1s</arg>
<doc>Pauses the test executed for the given time.</doc>
<status status="PASS" start="2026-05-11T15:22:54.809279" elapsed="1.001104"/>
</kw>
<status status="PASS" start="2026-05-11T15:22:54.624803" elapsed="1.185946"/>
</kw>
<kw name="Click Login Button" owner="login_keywords">
<kw name="Click Element" owner="SeleniumLibrary">
<msg time="2026-05-11T15:22:55.814157" level="INFO">Clicking element 'xpath=//button[@type='submit']'.</msg>
<arg>xpath=//button[@type='submit']</arg>
<doc>Click the element identified by ``locator``.</doc>
<status status="PASS" start="2026-05-11T15:22:55.813402" elapsed="2.173197"/>
</kw>
<kw name="Sleep" owner="BuiltIn">
<msg time="2026-05-11T15:22:58.987668" level="INFO">Slept 1 second.</msg>
<arg>1s</arg>
<doc>Pauses the test executed for the given time.</doc>
<status status="PASS" start="2026-05-11T15:22:57.986854" elapsed="1.001104"/>
</kw>
<status status="PASS" start="2026-05-11T15:22:55.812130" elapsed="3.176095"/>
</kw>
<kw name="Verify Login Successful" owner="login_keywords">
<kw name="Wait Until Page Contains" owner="SeleniumLibrary">
<arg>Dashboard</arg>
<arg>timeout=10s</arg>
<doc>Waits until ``text`` appears on the current page.</doc>
<status status="PASS" start="2026-05-11T15:22:58.990311" elapsed="0.040632"/>
</kw>
<kw name="Page Should Contain" owner="SeleniumLibrary">
<msg time="2026-05-11T15:22:59.042948" level="INFO">Current page contains text 'Dashboard'.</msg>
<arg>Dashboard</arg>
<doc>Verifies that current page contains ``text``.</doc>
<status status="PASS" start="2026-05-11T15:22:59.031183" elapsed="0.011875"/>
</kw>
<kw name="Sleep" owner="BuiltIn">
<msg time="2026-05-11T15:23:00.044515" level="INFO">Slept 1 second.</msg>
<arg>1s</arg>
<doc>Pauses the test executed for the given time.</doc>
<status status="PASS" start="2026-05-11T15:22:59.043238" elapsed="1.001457"/>
</kw>
<status status="PASS" start="2026-05-11T15:22:58.989249" elapsed="1.055602"/>
</kw>
<kw name="Open PIM module" owner="employee_keywords">
<kw name="Click Element" owner="SeleniumLibrary">
<msg time="2026-05-11T15:23:00.046257" level="INFO">Clicking element 'xpath=//span[text()='PIM']'.</msg>
<arg>xpath=//span[text()='PIM']</arg>
<doc>Click the element identified by ``locator``.</doc>
<status status="PASS" start="2026-05-11T15:23:00.046006" elapsed="1.416055"/>
</kw>
<kw name="Sleep" owner="BuiltIn">
<msg time="2026-05-11T15:23:04.463270" level="INFO">Slept 3 seconds.</msg>
<arg>3s</arg>
<doc>Pauses the test executed for the given time.</doc>
<status status="PASS" start="2026-05-11T15:23:01.462254" elapsed="3.001375"/>
</kw>
<kw name="Wait Until Page Contains" owner="SeleniumLibrary">
<arg>PIM</arg>
<arg>10s</arg>
<doc>Waits until ``text`` appears on the current page.</doc>
<status status="PASS" start="2026-05-11T15:23:04.464290" elapsed="0.050039"/>
</kw>
<status status="PASS" start="2026-05-11T15:23:00.045550" elapsed="4.469225"/>
</kw>
<kw name="Click add employee" owner="employee_keywords">
<kw name="Click Element" owner="SeleniumLibrary">
<msg time="2026-05-11T15:23:04.517728" level="INFO">Clicking element 'xpath=//a[text()='Add Employee']'.</msg>
<arg>xpath=//a[text()='Add Employee']</arg>
<doc>Click the element identified by ``locator``.</doc>
<status status="PASS" start="2026-05-11T15:23:04.517350" elapsed="0.673621"/>
</kw>
<kw name="Wait Until Element Is Visible" owner="SeleniumLibrary">
<arg>name=firstName</arg>
<arg>10s</arg>
<doc>Waits until the element ``locator`` is visible.</doc>
<status status="PASS" start="2026-05-11T15:23:05.191160" elapsed="0.555117"/>
</kw>
<kw name="Sleep" owner="BuiltIn">
<msg time="2026-05-11T15:23:08.747508" level="INFO">Slept 3 seconds.</msg>
<arg>3s</arg>
<doc>Pauses the test executed for the given time.</doc>
<status status="PASS" start="2026-05-11T15:23:05.746561" elapsed="3.001325"/>
</kw>
<status status="PASS" start="2026-05-11T15:23:04.516172" elapsed="4.232089"/>
</kw>
<kw name="Input employee information" owner="employee_keywords">
<kw name="Input Text" owner="SeleniumLibrary">
<msg time="2026-05-11T15:23:08.751953" level="INFO">Typing text 'Sơn' into text field 'name=firstName'.</msg>
<arg>name=firstName</arg>
<arg>${FIRST_NAME}</arg>
<doc>Types the given ``text`` into the text field identified by ``locator``.</doc>
<status status="PASS" start="2026-05-11T15:23:08.751010" elapsed="0.181070"/>
</kw>
<kw name="Input Text" owner="SeleniumLibrary">
<msg time="2026-05-11T15:23:08.932510" level="INFO">Typing text 'Tùng' into text field 'name=middleName'.</msg>
<arg>name=middleName</arg>
<arg>${MIDDLE_NAME}</arg>
<doc>Types the given ``text`` into the text field identified by ``locator``.</doc>
<status status="PASS" start="2026-05-11T15:23:08.932261" elapsed="0.105692"/>
</kw>
<kw name="Input Text" owner="SeleniumLibrary">
<msg time="2026-05-11T15:23:09.038747" level="INFO">Typing text 'MTP' into text field 'name=lastName'.</msg>
<arg>name=lastName</arg>
<arg>${LAST_NAME}</arg>
<doc>Types the given ``text`` into the text field identified by ``locator``.</doc>
<status status="PASS" start="2026-05-11T15:23:09.038221" elapsed="0.079740"/>
</kw>
<kw name="Input Text" owner="SeleniumLibrary">
<msg time="2026-05-11T15:23:09.118449" level="INFO">Typing text '12345' into text field 'xpath=(//input[contains(@class,'oxd-input')])[5]'.</msg>
<arg>xpath=(//input[contains(@class,'oxd-input')])[5]</arg>
<arg>${EMPLOYEE_ID}</arg>
<doc>Types the given ``text`` into the text field identified by ``locator``.</doc>
<status status="PASS" start="2026-05-11T15:23:09.118167" elapsed="0.089108"/>
</kw>
<kw name="Sleep" owner="BuiltIn">
<msg time="2026-05-11T15:23:12.208998" level="INFO">Slept 3 seconds.</msg>
<arg>3s</arg>
<doc>Pauses the test executed for the given time.</doc>
<status status="PASS" start="2026-05-11T15:23:09.207520" elapsed="3.001648"/>
</kw>
<status status="PASS" start="2026-05-11T15:23:08.749771" elapsed="3.459553"/>
</kw>
<kw name="Upload employee image" owner="employee_keywords">
<kw name="Choose File" owner="SeleniumLibrary">
<msg time="2026-05-11T15:23:12.210706" level="INFO">Sending C:\Users\admin\orangehrm-robot\test-data\avatar.jpg to browser.</msg>
<arg>xpath=//input[@type='file']</arg>
<arg>${IMAGE_PATH}</arg>
<doc>Inputs the ``file_path`` into the file input field ``locator``.</doc>
<status status="PASS" start="2026-05-11T15:23:12.210274" elapsed="0.044414"/>
</kw>
<kw name="Sleep" owner="BuiltIn">
<msg time="2026-05-11T15:23:15.255832" level="INFO">Slept 3 seconds.</msg>
<arg>3s</arg>
<doc>Pauses the test executed for the given time.</doc>
<status status="PASS" start="2026-05-11T15:23:12.255042" elapsed="3.001132"/>
</kw>
<status status="PASS" start="2026-05-11T15:23:12.209754" elapsed="3.046795"/>
</kw>
<kw name="Enable create login details" owner="employee_keywords">
<kw name="Click Element" owner="SeleniumLibrary">
<msg time="2026-05-11T15:23:15.260497" level="INFO">Clicking element 'xpath=//span[contains(@class,'oxd-switch-input')]'.</msg>
<arg>xpath=//span[contains(@class,'oxd-switch-input')]</arg>
<doc>Click the element identified by ``locator``.</doc>
<status status="PASS" start="2026-05-11T15:23:15.259729" elapsed="0.137087"/>
</kw>
<kw name="Sleep" owner="BuiltIn">
<msg time="2026-05-11T15:23:18.398661" level="INFO">Slept 3 seconds.</msg>
<arg>3s</arg>
<doc>Pauses the test executed for the given time.</doc>
<status status="PASS" start="2026-05-11T15:23:15.397087" elapsed="3.002016"/>
</kw>
<status status="PASS" start="2026-05-11T15:23:15.258465" elapsed="3.141090"/>
</kw>
<kw name="Input login details" owner="employee_keywords">
<kw name="Input Text" owner="SeleniumLibrary">
<msg time="2026-05-11T15:23:18.403574" level="INFO">Typing text 'sontungmtp2' into text field 'xpath=(//input[@class='oxd-input oxd-input--active'])[3]'.</msg>
<arg>xpath=(//input[@class='oxd-input oxd-input--active'])[3]</arg>
<arg>${USERNAME_EMPLOYEE}</arg>
<doc>Types the given ``text`` into the text field identified by ``locator``.</doc>
<status status="PASS" start="2026-05-11T15:23:18.402544" elapsed="0.136294"/>
</kw>
<kw name="Sleep" owner="BuiltIn">
<msg time="2026-05-11T15:23:21.540216" level="INFO">Slept 3 seconds.</msg>
<arg>3s</arg>
<doc>Pauses the test executed for the given time.</doc>
<status status="PASS" start="2026-05-11T15:23:18.539106" elapsed="3.001468"/>
</kw>
<kw name="Input Text" owner="SeleniumLibrary">
<msg time="2026-05-11T15:23:21.542222" level="INFO">Typing text 'sontungmtp123' into text field 'xpath=(//input[@type='password'])[1]'.</msg>
<arg>xpath=(//input[@type='password'])[1]</arg>
<arg>${PASSWORD_EMPLOYEE}</arg>
<doc>Types the given ``text`` into the text field identified by ``locator``.</doc>
<status status="PASS" start="2026-05-11T15:23:21.541225" elapsed="0.152939"/>
</kw>
<kw name="Sleep" owner="BuiltIn">
<msg time="2026-05-11T15:23:24.695322" level="INFO">Slept 3 seconds.</msg>
<arg>3s</arg>
<doc>Pauses the test executed for the given time.</doc>
<status status="PASS" start="2026-05-11T15:23:21.694358" elapsed="3.001199"/>
</kw>
<kw name="Input Text" owner="SeleniumLibrary">
<msg time="2026-05-11T15:23:24.696523" level="INFO">Typing text 'sontungmtp123' into text field 'xpath=(//input[@type='password'])[2]'.</msg>
<arg>xpath=(//input[@type='password'])[2]</arg>
<arg>${PASSWORD_EMPLOYEE}</arg>
<doc>Types the given ``text`` into the text field identified by ``locator``.</doc>
<status status="PASS" start="2026-05-11T15:23:24.695920" elapsed="0.240271"/>
</kw>
<kw name="Sleep" owner="BuiltIn">
<msg time="2026-05-11T15:23:27.937368" level="INFO">Slept 3 seconds.</msg>
<arg>3s</arg>
<doc>Pauses the test executed for the given time.</doc>
<status status="PASS" start="2026-05-11T15:23:24.936441" elapsed="3.001303"/>
</kw>
<status status="PASS" start="2026-05-11T15:23:18.401055" elapsed="9.537102"/>
</kw>
<kw name="Click save button" owner="employee_keywords">
<kw name="Click Element" owner="SeleniumLibrary">
<msg time="2026-05-11T15:23:27.941575" level="INFO">Clicking element 'xpath=//button[@type='submit']'.</msg>
<arg>xpath=//button[@type='submit']</arg>
<doc>Click the element identified by ``locator``.</doc>
<status status="PASS" start="2026-05-11T15:23:27.940832" elapsed="0.145191"/>
</kw>
<kw name="Sleep" owner="BuiltIn">
<msg time="2026-05-11T15:23:31.087783" level="INFO">Slept 3 seconds.</msg>
<arg>3s</arg>
<doc>Pauses the test executed for the given time.</doc>
<status status="PASS" start="2026-05-11T15:23:28.086363" elapsed="3.001786"/>
</kw>
<status status="PASS" start="2026-05-11T15:23:27.939562" elapsed="3.148972"/>
</kw>
<kw name="Verify employee added successfully" owner="employee_keywords">
<kw name="Wait Until Page Contains" owner="SeleniumLibrary">
<arg>Sơn MTP</arg>
<arg>20s</arg>
<doc>Waits until ``text`` appears on the current page.</doc>
<status status="PASS" start="2026-05-11T15:23:31.091095" elapsed="4.610588"/>
</kw>
<status status="PASS" start="2026-05-11T15:23:31.089871" elapsed="4.612385"/>
</kw>
<kw name="Close Browser" owner="SeleniumLibrary">
<doc>Closes the current browser.</doc>
<status status="PASS" start="2026-05-11T15:23:35.703374" elapsed="2.331464"/>
</kw>
<status status="PASS" start="2026-05-11T15:22:43.256418" elapsed="54.779048"/>
</test>
<status status="PASS" start="2026-05-11T15:22:43.213105" elapsed="54.823336"/>
</suite>
<suite id="s1-s3" name="Search Employee Test" source="C:\Users\admin\orangehrm-robot\tests\search_employee_test.robot">
<test id="s1-s3-t1" name="Search Employee By Name" line="8">
<kw name="Open Browser To Login Page" owner="login_keywords">
<kw name="Evaluate" owner="BuiltIn">
<msg time="2026-05-11T15:23:38.049957" level="INFO">${options} = &lt;selenium.webdriver.chrome.options.Options object at 0x0000023C70FF5810&gt;</msg>
<var>${options}</var>
<arg>sys.modules['selenium.webdriver'].ChromeOptions()</arg>
<arg>sys, selenium.webdriver</arg>
<doc>Evaluates the given expression in Python and returns the result.</doc>
<status status="PASS" start="2026-05-11T15:23:38.049423" elapsed="0.000586"/>
</kw>
<kw name="Call Method" owner="BuiltIn">
<arg>${options}</arg>
<arg>add_argument</arg>
<arg>--ignore-certificate-errors</arg>
<doc>Calls the named method of the given object with the provided arguments.</doc>
<status status="PASS" start="2026-05-11T15:23:38.050222" elapsed="0.000565"/>
</kw>
<kw name="Call Method" owner="BuiltIn">
<arg>${options}</arg>
<arg>add_argument</arg>
<arg>--allow-insecure-localhost</arg>
<doc>Calls the named method of the given object with the provided arguments.</doc>
<status status="PASS" start="2026-05-11T15:23:38.051026" elapsed="0.000473"/>
</kw>
<kw name="Open Browser" owner="SeleniumLibrary">
<msg time="2026-05-11T15:23:38.052257" level="INFO">Opening browser 'Chrome' to base url 'https://opensource-demo.orangehrmlive.com'.</msg>
<arg>${URL}</arg>
<arg>${BROWSER}</arg>
<arg>options=${options}</arg>
<doc>Opens a new browser instance to the optional ``url``.</doc>
<status status="PASS" start="2026-05-11T15:23:38.051773" elapsed="5.328766"/>
</kw>
<kw name="Maximize Browser Window" owner="SeleniumLibrary">
<doc>Maximizes current browser window.</doc>
<status status="PASS" start="2026-05-11T15:23:43.380838" elapsed="0.033623"/>
</kw>
<kw name="Wait Until Element Is Visible" owner="SeleniumLibrary">
<arg>name=username</arg>
<arg>timeout=10s</arg>
<doc>Waits until the element ``locator`` is visible.</doc>
<status status="PASS" start="2026-05-11T15:23:43.414666" elapsed="0.738388"/>
</kw>
<status status="PASS" start="2026-05-11T15:23:38.049044" elapsed="6.104296"/>
</kw>
<kw name="Input Username" owner="login_keywords">
<kw name="Input Text" owner="SeleniumLibrary">
<msg time="2026-05-11T15:23:44.154720" level="INFO">Typing text 'Admin' into text field 'name=username'.</msg>
<arg>name=username</arg>
<arg>${USERNAME}</arg>
<doc>Types the given ``text`` into the text field identified by ``locator``.</doc>
<status status="PASS" start="2026-05-11T15:23:44.154331" elapsed="0.109680"/>
</kw>
<kw name="Sleep" owner="BuiltIn">
<msg time="2026-05-11T15:23:45.265098" level="INFO">Slept 1 second.</msg>
<arg>1s</arg>
<doc>Pauses the test executed for the given time.</doc>
<status status="PASS" start="2026-05-11T15:23:44.264203" elapsed="1.001247"/>
</kw>
<status status="PASS" start="2026-05-11T15:23:44.153812" elapsed="1.112016"/>
</kw>
<kw name="Input Password" owner="login_keywords">
<kw name="Input Text" owner="SeleniumLibrary">
<msg time="2026-05-11T15:23:45.269505" level="INFO">Typing text 'admin123' into text field 'name=password'.</msg>
<arg>name=password</arg>
<arg>${PASSWORD}</arg>
<doc>Types the given ``text`` into the text field identified by ``locator``.</doc>
<status status="PASS" start="2026-05-11T15:23:45.268543" elapsed="0.179586"/>
</kw>
<kw name="Sleep" owner="BuiltIn">
<msg time="2026-05-11T15:23:46.449167" level="INFO">Slept 1 second.</msg>
<arg>1s</arg>
<doc>Pauses the test executed for the given time.</doc>
<status status="PASS" start="2026-05-11T15:23:45.448333" elapsed="1.001224"/>
</kw>
<status status="PASS" start="2026-05-11T15:23:45.267205" elapsed="1.183118"/>
</kw>
<kw name="Click Login Button" owner="login_keywords">
<kw name="Click Element" owner="SeleniumLibrary">
<msg time="2026-05-11T15:23:46.454173" level="INFO">Clicking element 'xpath=//button[@type='submit']'.</msg>
<arg>xpath=//button[@type='submit']</arg>
<doc>Click the element identified by ``locator``.</doc>
<status status="PASS" start="2026-05-11T15:23:46.453387" elapsed="1.359935"/>
</kw>
<kw name="Sleep" owner="BuiltIn">
<msg time="2026-05-11T15:23:48.814216" level="INFO">Slept 1 second.</msg>
<arg>1s</arg>
<doc>Pauses the test executed for the given time.</doc>
<status status="PASS" start="2026-05-11T15:23:47.813512" elapsed="1.000868"/>
</kw>
<status status="PASS" start="2026-05-11T15:23:46.451810" elapsed="2.362723"/>
</kw>
<kw name="Verify Login Successful" owner="login_keywords">
<kw name="Wait Until Page Contains" owner="SeleniumLibrary">
<arg>Dashboard</arg>
<arg>timeout=10s</arg>
<doc>Waits until ``text`` appears on the current page.</doc>
<status status="PASS" start="2026-05-11T15:23:48.815707" elapsed="0.019379"/>
</kw>
<kw name="Page Should Contain" owner="SeleniumLibrary">
<msg time="2026-05-11T15:23:48.851772" level="INFO">Current page contains text 'Dashboard'.</msg>
<arg>Dashboard</arg>
<doc>Verifies that current page contains ``text``.</doc>
<status status="PASS" start="2026-05-11T15:23:48.835411" elapsed="0.016526"/>
</kw>
<kw name="Sleep" owner="BuiltIn">
<msg time="2026-05-11T15:23:49.853095" level="INFO">Slept 1 second.</msg>
<arg>1s</arg>
<doc>Pauses the test executed for the given time.</doc>
<status status="PASS" start="2026-05-11T15:23:48.852105" elapsed="1.001116"/>
</kw>
<status status="PASS" start="2026-05-11T15:23:48.815272" elapsed="1.038069"/>
</kw>
<kw name="Open Employee List Page" owner="search_employee_keywords">
<kw name="Click Element" owner="SeleniumLibrary">
<msg time="2026-05-11T15:23:49.854358" level="INFO">Clicking element 'xpath=//span[text()='PIM']'.</msg>
<arg>xpath=//span[text()='PIM']</arg>
<doc>Click the element identified by ``locator``.</doc>
<status status="PASS" start="2026-05-11T15:23:49.854142" elapsed="1.305737"/>
</kw>
<kw name="Sleep" owner="BuiltIn">
<msg time="2026-05-11T15:23:54.161192" level="INFO">Slept 3 seconds.</msg>
<arg>3s</arg>
<doc>Pauses the test executed for the given time.</doc>
<status status="PASS" start="2026-05-11T15:23:51.160169" elapsed="3.001377"/>
</kw>
<kw name="Wait Until Element Is Visible" owner="SeleniumLibrary">
<arg>xpath=//a[text()='Employee List']</arg>
<arg>timeout=10s</arg>
<doc>Waits until the element ``locator`` is visible.</doc>
<status status="PASS" start="2026-05-11T15:23:54.162170" elapsed="0.070433"/>
</kw>
<kw name="Click Element" owner="SeleniumLibrary">
<msg time="2026-05-11T15:23:54.233382" level="INFO">Clicking element 'xpath=//a[text()='Employee List']'.</msg>
<arg>xpath=//a[text()='Employee List']</arg>
<doc>Click the element identified by ``locator``.</doc>
<status status="PASS" start="2026-05-11T15:23:54.232992" elapsed="0.615051"/>
</kw>
<kw name="Sleep" owner="BuiltIn">
<msg time="2026-05-11T15:23:57.849232" level="INFO">Slept 3 seconds.</msg>
<arg>3s</arg>
<doc>Pauses the test executed for the given time.</doc>
<status status="PASS" start="2026-05-11T15:23:54.848228" elapsed="3.001301"/>
</kw>
<status status="PASS" start="2026-05-11T15:23:49.853751" elapsed="7.996144"/>
</kw>
<kw name="Search Employee By Name" owner="search_employee_keywords">
<kw name="Wait Until Element Is Visible" owner="SeleniumLibrary">
<arg>xpath=(//input[@placeholder='Type for hints...'])[1]</arg>
<arg>timeout=10s</arg>
<doc>Waits until the element ``locator`` is visible.</doc>
<status status="PASS" start="2026-05-11T15:23:57.851779" elapsed="0.030997"/>
</kw>
<kw name="Input Text" owner="SeleniumLibrary">
<msg time="2026-05-11T15:23:57.883327" level="INFO">Typing text 'Sơn Tùng MTP' into text field 'xpath=(//input[@placeholder='Type for hints...'])[1]'.</msg>
<arg>xpath=(//input[@placeholder='Type for hints...'])[1]</arg>
<arg>${EMPLOYEE_FULL_NAME}</arg>
<doc>Types the given ``text`` into the text field identified by ``locator``.</doc>
<status status="PASS" start="2026-05-11T15:23:57.883006" elapsed="0.127830"/>
</kw>
<kw name="Sleep" owner="BuiltIn">
<msg time="2026-05-11T15:24:01.012144" level="INFO">Slept 3 seconds.</msg>
<arg>3s</arg>
<doc>Pauses the test executed for the given time.</doc>
<status status="PASS" start="2026-05-11T15:23:58.011149" elapsed="3.001494"/>
</kw>
<status status="PASS" start="2026-05-11T15:23:57.851151" elapsed="3.161970"/>
</kw>
<kw name="Click Search Button" owner="search_employee_keywords">
<kw name="Click Button" owner="SeleniumLibrary">
<msg time="2026-05-11T15:24:01.016995" level="INFO">Clicking button 'xpath=//button[@type='submit']'.</msg>
<msg time="2026-05-11T15:24:02.436780" level="INFO" html="true">&lt;/td&gt;&lt;/tr&gt;&lt;tr&gt;&lt;td colspan="3"&gt;&lt;a href="selenium-screenshot-1.png"&gt;&lt;img src="selenium-screenshot-1.png" width="800px"&gt;&lt;/a&gt;</msg>
<msg time="2026-05-11T15:24:02.437129" level="FAIL">ElementClickInterceptedException: Message: element click intercepted: Element &lt;button data-v-10d463b7="" data-v-7044e35a="" type="submit" class="oxd-button oxd-button--medium oxd-button--secondary orangehrm-left-space"&gt;...&lt;/button&gt; is not clickable at point (1143, 20). Other element would receive the click: &lt;span data-v-bdd6d943="" class="oxd-userdropdown-tab"&gt;...&lt;/span&gt;
  (Session info: chrome=147.0.7727.138); For documentation on this error, please visit: https://www.selenium.dev/documentation/webdriver/troubleshooting/errors#elementclickinterceptedexception
Stacktrace:
	chromedriver!GetHandleVerifier [0x7ff6ab21a8e5+14e45]
	chromedriver!GetHandleVerifier [0x7ff6ab21a950+14eb0]
	chromedriver!(No symbol) [0x7ff6aaf8d6ed]
	chromedriver!(No symbol) [0x7ff6aafef245]
	chromedriver!(No symbol) [0x7ff6aafec95a]
	chromedriver!(No symbol) [0x7ff6aafe97e5]
	chromedriver!(No symbol) [0x7ff6aafe8697]
	chromedriver!(No symbol) [0x7ff6aafdb1c6]
	chromedriver!(No symbol) [0x7ff6ab01002a]
	chromedriver!(No symbol) [0x7ff6aafdaa46]
	chromedriver!(No symbol) [0x7ff6ab03483b]
	chromedriver!(No symbol) [0x7ff6aafd90e8]
	chromedriver!(No symbol) [0x7ff6aafd9fc3]
	chromedriver!GetHandleVerifier [0x7ff6ab530149+32a6a9]
	chromedriver!GetHandleVerifier [0x7ff6ab52a715+324c75]
	chromedriver!GetHandleVerifier [0x7ff6ab54c012+346572]
	chromedriver!GetHandleVerifier [0x7ff6ab237cb5+32215]
	chromedriver!GetHandleVerifier [0x7ff6ab24087c+3addc]
	chromedriver!GetHandleVerifier [0x7ff6ab2240e4+1e644]
	chromedriver!GetHandleVerifier [0x7ff6ab224296+1e7f6]
	chromedriver!GetHandleVerifier [0x7ff6ab208737+2c97]
	KERNEL32!BaseThreadInitThunk [0x7ffd4d0d7374+14]
	ntdll!RtlUserThreadStart [0x7ffd4dcdcc91+21]
</msg>
<arg>xpath=//button[@type='submit']</arg>
<doc>Clicks the button identified by ``locator``.</doc>
<status status="FAIL" start="2026-05-11T15:24:01.016143" elapsed="1.459252">ElementClickInterceptedException: Message: element click intercepted: Element &lt;button data-v-10d463b7="" data-v-7044e35a="" type="submit" class="oxd-button oxd-button--medium oxd-button--secondary orangehrm-left-space"&gt;...&lt;/button&gt; is not clickable at point (1143, 20). Other element would receive the click: &lt;span data-v-bdd6d943="" class="oxd-userdropdown-tab"&gt;...&lt;/span&gt;
  (Session info: chrome=147.0.7727.138); For documentation on this error, please visit: https://www.selenium.dev/documentation/webdriver/troubleshooting/errors#elementclickinterceptedexception
Stacktrace:
	chromedriver!GetHandleVerifier [0x7ff6ab21a8e5+14e45]
	chromedriver!GetHandleVerifier [0x7ff6ab21a950+14eb0]
	chromedriver!(No symbol) [0x7ff6aaf8d6ed]
	chromedriver!(No symbol) [0x7ff6aafef245]
	chromedriver!(No symbol) [0x7ff6aafec95a]
	chromedriver!(No symbol) [0x7ff6aafe97e5]
	chromedriver!(No symbol) [0x7ff6aafe8697]
	chromedriver!(No symbol) [0x7ff6aafdb1c6]
	chromedriver!(No symbol) [0x7ff6ab01002a]
	chromedriver!(No symbol) [0x7ff6aafdaa46]
	chromedriver!(No symbol) [0x7ff6ab03483b]
	chromedriver!(No symbol) [0x7ff6aafd90e8]
	chromedriver!(No symbol) [0x7ff6aafd9fc3]
	chromedriver!GetHandleVerifier [0x7ff6ab530149+32a6a9]
	chromedriver!GetHandleVerifier [0x7ff6ab52a715+324c75]
	chromedriver!GetHandleVerifier [0x7ff6ab54c012+346572]
	chromedriver!GetHandleVerifier [0x7ff6ab237cb5+32215]
	chromedriver!GetHandleVerifier [0x7ff6ab24087c+3addc]
	chromedriver!GetHandleVerifier [0x7ff6ab2240e4+1e644]
	chromedriver!GetHandleVerifier [0x7ff6ab224296+1e7f6]
	chromedriver!GetHandleVerifier [0x7ff6ab208737+2c97]
	KERNEL32!BaseThreadInitThunk [0x7ffd4d0d7374+14]
	ntdll!RtlUserThreadStart [0x7ffd4dcdcc91+21]
</status>
</kw>
<kw name="Sleep" owner="BuiltIn">
<arg>3s</arg>
<doc>Pauses the test executed for the given time.</doc>
<status status="NOT RUN" start="2026-05-11T15:24:02.475634" elapsed="0.000041"/>
</kw>
<status status="FAIL" start="2026-05-11T15:24:01.014665" elapsed="1.461166">ElementClickInterceptedException: Message: element click intercepted: Element &lt;button data-v-10d463b7="" data-v-7044e35a="" type="submit" class="oxd-button oxd-button--medium oxd-button--secondary orangehrm-left-space"&gt;...&lt;/button&gt; is not clickable at point (1143, 20). Other element would receive the click: &lt;span data-v-bdd6d943="" class="oxd-userdropdown-tab"&gt;...&lt;/span&gt;
  (Session info: chrome=147.0.7727.138); For documentation on this error, please visit: https://www.selenium.dev/documentation/webdriver/troubleshooting/errors#elementclickinterceptedexception
Stacktrace:
	chromedriver!GetHandleVerifier [0x7ff6ab21a8e5+14e45]
	chromedriver!GetHandleVerifier [0x7ff6ab21a950+14eb0]
	chromedriver!(No symbol) [0x7ff6aaf8d6ed]
	chromedriver!(No symbol) [0x7ff6aafef245]
	chromedriver!(No symbol) [0x7ff6aafec95a]
	chromedriver!(No symbol) [0x7ff6aafe97e5]
	chromedriver!(No symbol) [0x7ff6aafe8697]
	chromedriver!(No symbol) [0x7ff6aafdb1c6]
	chromedriver!(No symbol) [0x7ff6ab01002a]
	chromedriver!(No symbol) [0x7ff6aafdaa46]
	chromedriver!(No symbol) [0x7ff6ab03483b]
	chromedriver!(No symbol) [0x7ff6aafd90e8]
	chromedriver!(No symbol) [0x7ff6aafd9fc3]
	chromedriver!GetHandleVerifier [0x7ff6ab530149+32a6a9]
	chromedriver!GetHandleVerifier [0x7ff6ab52a715+324c75]
	chromedriver!GetHandleVerifier [0x7ff6ab54c012+346572]
	chromedriver!GetHandleVerifier [0x7ff6ab237cb5+32215]
	chromedriver!GetHandleVerifier [0x7ff6ab24087c+3addc]
	chromedriver!GetHandleVerifier [0x7ff6ab2240e4+1e644]
	chromedriver!GetHandleVerifier [0x7ff6ab224296+1e7f6]
	chromedriver!GetHandleVerifier [0x7ff6ab208737+2c97]
	KERNEL32!BaseThreadInitThunk [0x7ffd4d0d7374+14]
	ntdll!RtlUserThreadStart [0x7ffd4dcdcc91+21]
</status>
</kw>
<kw name="Verify Employee Found" owner="search_employee_keywords">
<status status="NOT RUN" start="2026-05-11T15:24:02.476400" elapsed="0.000056"/>
</kw>
<kw name="Close Browser" owner="SeleniumLibrary">
<doc>Closes the current browser.</doc>
<status status="NOT RUN" start="2026-05-11T15:24:02.477064" elapsed="0.000059"/>
</kw>
<status status="FAIL" start="2026-05-11T15:23:38.048005" elapsed="24.429577">ElementClickInterceptedException: Message: element click intercepted: Element &lt;button data-v-10d463b7="" data-v-7044e35a="" type="submit" class="oxd-button oxd-button--medium oxd-button--secondary orangehrm-left-space"&gt;...&lt;/button&gt; is not clickable at point (1143, 20). Other element would receive the click: &lt;span data-v-bdd6d943="" class="oxd-userdropdown-tab"&gt;...&lt;/span&gt;
  (Session info: chrome=147.0.7727.138); For documentation on this error, please visit: https://www.selenium.dev/documentation/webdriver/troubleshooting/errors#elementclickinterceptedexception
Stacktrace:
	chromedriver!GetHandleVerifier [0x7ff6ab21a8e5+14e45]
	chromedriver!GetHandleVerifier [0x7ff6ab21a950+14eb0]
	chromedriver!(No symbol) [0x7ff6aaf8d6ed]
	chromedriver!(No symbol) [0x7ff6aafef245]
	chromedriver!(No symbol) [0x7ff6aafec95a]
	chromedriver!(No symbol) [0x7ff6aafe97e5]
	chromedriver!(No symbol) [0x7ff6aafe8697]
	chromedriver!(No symbol) [0x7ff6aafdb1c6]
	chromedriver!(No symbol) [0x7ff6ab01002a]
	chromedriver!(No symbol) [0x7ff6aafdaa46]
	chromedriver!(No symbol) [0x7ff6ab03483b]
	chromedriver!(No symbol) [0x7ff6aafd90e8]
	chromedriver!(No symbol) [0x7ff6aafd9fc3]
	chromedriver!GetHandleVerifier [0x7ff6ab530149+32a6a9]
	chromedriver!GetHandleVerifier [0x7ff6ab52a715+324c75]
	chromedriver!GetHandleVerifier [0x7ff6ab54c012+346572]
	chromedriver!GetHandleVerifier [0x7ff6ab237cb5+32215]
	chromedriver!GetHandleVerifier [0x7ff6ab24087c+3addc]
	chromedriver!GetHandleVerifier [0x7ff6ab2240e4+1e644]
	chromedriver!GetHandleVerifier [0x7ff6ab224296+1e7f6]
	chromedriver!GetHandleVerifier [0x7ff6ab208737+2c97]
	KERNEL32!BaseThreadInitThunk [0x7ffd4d0d7374+14]
	ntdll!RtlUserThreadStart [0x7ffd4dcdcc91+21]
</status>
</test>
<status status="FAIL" start="2026-05-11T15:23:38.037869" elapsed="24.440646"/>
</suite>
<suite id="s1-s4" name="Edit Employee Test" source="C:\Users\admin\orangehrm-robot\tests\edit_employee_test.robot">
<test id="s1-s4-t1" name="Edit Employee Information" line="11">
<kw name="Open Browser To Login Page" owner="login_keywords">
<kw name="Evaluate" owner="BuiltIn">
<msg time="2026-05-11T15:24:02.506096" level="INFO">${options} = &lt;selenium.webdriver.chrome.options.Options object at 0x0000023C7163B820&gt;</msg>
<var>${options}</var>
<arg>sys.modules['selenium.webdriver'].ChromeOptions()</arg>
<arg>sys, selenium.webdriver</arg>
<doc>Evaluates the given expression in Python and returns the result.</doc>
<status status="PASS" start="2026-05-11T15:24:02.505546" elapsed="0.000597"/>
</kw>
<kw name="Call Method" owner="BuiltIn">
<arg>${options}</arg>
<arg>add_argument</arg>
<arg>--ignore-certificate-errors</arg>
<doc>Calls the named method of the given object with the provided arguments.</doc>
<status status="PASS" start="2026-05-11T15:24:02.506315" elapsed="0.000340"/>
</kw>
<kw name="Call Method" owner="BuiltIn">
<arg>${options}</arg>
<arg>add_argument</arg>
<arg>--allow-insecure-localhost</arg>
<doc>Calls the named method of the given object with the provided arguments.</doc>
<status status="PASS" start="2026-05-11T15:24:02.506806" elapsed="0.000318"/>
</kw>
<kw name="Open Browser" owner="SeleniumLibrary">
<msg time="2026-05-11T15:24:02.507622" level="INFO">Opening browser 'Chrome' to base url 'https://opensource-demo.orangehrmlive.com'.</msg>
<arg>${URL}</arg>
<arg>${BROWSER}</arg>
<arg>options=${options}</arg>
<doc>Opens a new browser instance to the optional ``url``.</doc>
<status status="PASS" start="2026-05-11T15:24:02.507301" elapsed="7.391777"/>
</kw>
<kw name="Maximize Browser Window" owner="SeleniumLibrary">
<doc>Maximizes current browser window.</doc>
<status status="PASS" start="2026-05-11T15:24:09.899294" elapsed="0.042279"/>
</kw>
<kw name="Wait Until Element Is Visible" owner="SeleniumLibrary">
<arg>name=username</arg>
<arg>timeout=10s</arg>
<doc>Waits until the element ``locator`` is visible.</doc>
<status status="PASS" start="2026-05-11T15:24:09.942319" elapsed="0.507871"/>
</kw>
<status status="PASS" start="2026-05-11T15:24:02.505125" elapsed="7.945368"/>
</kw>
<kw name="Input Username" owner="login_keywords">
<kw name="Input Text" owner="SeleniumLibrary">
<msg time="2026-05-11T15:24:10.453376" level="INFO">Typing text 'Admin' into text field 'name=username'.</msg>
<arg>name=username</arg>
<arg>${USERNAME}</arg>
<doc>Types the given ``text`` into the text field identified by ``locator``.</doc>
<status status="PASS" start="2026-05-11T15:24:10.452871" elapsed="0.126798"/>
</kw>
<kw name="Sleep" owner="BuiltIn">
<msg time="2026-05-11T15:24:11.581244" level="INFO">Slept 1 second.</msg>
<arg>1s</arg>
<doc>Pauses the test executed for the given time.</doc>
<status status="PASS" start="2026-05-11T15:24:10.580007" elapsed="1.001380"/>
</kw>
<status status="PASS" start="2026-05-11T15:24:10.452081" elapsed="1.129446"/>
</kw>
<kw name="Input Password" owner="login_keywords">
<kw name="Input Text" owner="SeleniumLibrary">
<msg time="2026-05-11T15:24:11.583452" level="INFO">Typing text 'admin123' into text field 'name=password'.</msg>
<arg>name=password</arg>
<arg>${PASSWORD}</arg>
<doc>Types the given ``text`` into the text field identified by ``locator``.</doc>
<status status="PASS" start="2026-05-11T15:24:11.582858" elapsed="0.130843"/>
</kw>
<kw name="Sleep" owner="BuiltIn">
<msg time="2026-05-11T15:24:12.714691" level="INFO">Slept 1 second.</msg>
<arg>1s</arg>
<doc>Pauses the test executed for the given time.</doc>
<status status="PASS" start="2026-05-11T15:24:11.713902" elapsed="1.001045"/>
</kw>
<status status="PASS" start="2026-05-11T15:24:11.582278" elapsed="1.132934"/>
</kw>
<kw name="Click Login Button" owner="login_keywords">
<kw name="Click Element" owner="SeleniumLibrary">
<msg time="2026-05-11T15:24:12.717986" level="INFO">Clicking element 'xpath=//button[@type='submit']'.</msg>
<arg>xpath=//button[@type='submit']</arg>
<doc>Click the element identified by ``locator``.</doc>
<status status="PASS" start="2026-05-11T15:24:12.717511" elapsed="1.504400"/>
</kw>
<kw name="Sleep" owner="BuiltIn">
<msg time="2026-05-11T15:24:15.223769" level="INFO">Slept 1 second.</msg>
<arg>1s</arg>
<doc>Pauses the test executed for the given time.</doc>
<status status="PASS" start="2026-05-11T15:24:14.222136" elapsed="1.001833"/>
</kw>
<status status="PASS" start="2026-05-11T15:24:12.716622" elapsed="2.507534"/>
</kw>
<kw name="Verify Login Successful" owner="login_keywords">
<kw name="Wait Until Page Contains" owner="SeleniumLibrary">
<arg>Dashboard</arg>
<arg>timeout=10s</arg>
<doc>Waits until ``text`` appears on the current page.</doc>
<status status="PASS" start="2026-05-11T15:24:15.225562" elapsed="0.027241"/>
</kw>
<kw name="Page Should Contain" owner="SeleniumLibrary">
<msg time="2026-05-11T15:24:15.271458" level="INFO">Current page contains text 'Dashboard'.</msg>
<arg>Dashboard</arg>
<doc>Verifies that current page contains ``text``.</doc>
<status status="PASS" start="2026-05-11T15:24:15.253119" elapsed="0.018435"/>
</kw>
<kw name="Sleep" owner="BuiltIn">
<msg time="2026-05-11T15:24:16.272346" level="INFO">Slept 1 second.</msg>
<arg>1s</arg>
<doc>Pauses the test executed for the given time.</doc>
<status status="PASS" start="2026-05-11T15:24:15.271728" elapsed="1.000750"/>
</kw>
<status status="PASS" start="2026-05-11T15:24:15.224953" elapsed="1.047671"/>
</kw>
<kw name="Open Employee List Page" owner="search_employee_keywords">
<kw name="Click Element" owner="SeleniumLibrary">
<msg time="2026-05-11T15:24:16.273833" level="INFO">Clicking element 'xpath=//span[text()='PIM']'.</msg>
<arg>xpath=//span[text()='PIM']</arg>
<doc>Click the element identified by ``locator``.</doc>
<status status="PASS" start="2026-05-11T15:24:16.273592" elapsed="2.201260"/>
</kw>
<kw name="Sleep" owner="BuiltIn">
<msg time="2026-05-11T15:24:21.475675" level="INFO">Slept 3 seconds.</msg>
<arg>3s</arg>
<doc>Pauses the test executed for the given time.</doc>
<status status="PASS" start="2026-05-11T15:24:18.475067" elapsed="3.000801"/>
</kw>
<kw name="Wait Until Element Is Visible" owner="SeleniumLibrary">
<arg>xpath=//a[text()='Employee List']</arg>
<arg>timeout=10s</arg>
<doc>Waits until the element ``locator`` is visible.</doc>
<status status="PASS" start="2026-05-11T15:24:21.476192" elapsed="0.038265"/>
</kw>
<kw name="Click Element" owner="SeleniumLibrary">
<msg time="2026-05-11T15:24:21.515168" level="INFO">Clicking element 'xpath=//a[text()='Employee List']'.</msg>
<arg>xpath=//a[text()='Employee List']</arg>
<doc>Click the element identified by ``locator``.</doc>
<status status="PASS" start="2026-05-11T15:24:21.514829" elapsed="0.586805"/>
</kw>
<kw name="Sleep" owner="BuiltIn">
<msg time="2026-05-11T15:24:25.102952" level="INFO">Slept 3 seconds.</msg>
<arg>3s</arg>
<doc>Pauses the test executed for the given time.</doc>
<status status="PASS" start="2026-05-11T15:24:22.101912" elapsed="3.001215"/>
</kw>
<status status="PASS" start="2026-05-11T15:24:16.273142" elapsed="8.830188"/>
</kw>
<kw name="Search Employee By Name" owner="search_employee_keywords">
<kw name="Wait Until Element Is Visible" owner="SeleniumLibrary">
<arg>xpath=(//input[@placeholder='Type for hints...'])[1]</arg>
<arg>timeout=10s</arg>
<doc>Waits until the element ``locator`` is visible.</doc>
<status status="PASS" start="2026-05-11T15:24:25.104376" elapsed="0.028655"/>
</kw>
<kw name="Input Text" owner="SeleniumLibrary">
<msg time="2026-05-11T15:24:25.133882" level="INFO">Typing text 'Sơn Tùng MTP' into text field 'xpath=(//input[@placeholder='Type for hints...'])[1]'.</msg>
<arg>xpath=(//input[@placeholder='Type for hints...'])[1]</arg>
<arg>${EMPLOYEE_FULL_NAME}</arg>
<doc>Types the given ``text`` into the text field identified by ``locator``.</doc>
<status status="PASS" start="2026-05-11T15:24:25.133410" elapsed="0.134180"/>
</kw>
<kw name="Sleep" owner="BuiltIn">
<msg time="2026-05-11T15:24:28.269980" level="INFO">Slept 3 seconds.</msg>
<arg>3s</arg>
<doc>Pauses the test executed for the given time.</doc>
<status status="PASS" start="2026-05-11T15:24:25.267972" elapsed="3.002288"/>
</kw>
<status status="PASS" start="2026-05-11T15:24:25.103791" elapsed="3.166760"/>
</kw>
<kw name="Click Search Button" owner="search_employee_keywords">
<kw name="Click Button" owner="SeleniumLibrary">
<msg time="2026-05-11T15:24:28.272793" level="INFO">Clicking button 'xpath=//button[@type='submit']'.</msg>
<arg>xpath=//button[@type='submit']</arg>
<doc>Clicks the button identified by ``locator``.</doc>
<status status="PASS" start="2026-05-11T15:24:28.272332" elapsed="0.132995"/>
</kw>
<kw name="Sleep" owner="BuiltIn">
<msg time="2026-05-11T15:24:31.406295" level="INFO">Slept 3 seconds.</msg>
<arg>3s</arg>
<doc>Pauses the test executed for the given time.</doc>
<status status="PASS" start="2026-05-11T15:24:28.405517" elapsed="3.001130"/>
</kw>
<status status="PASS" start="2026-05-11T15:24:28.271535" elapsed="3.135489"/>
</kw>
<kw name="Open Employee Details" owner="edit_employee_keywords">
<kw name="Wait Until Element Is Visible" owner="SeleniumLibrary">
<arg>xpath=(//div[@role='row'])[2]</arg>
<arg>timeout=10s</arg>
<doc>Waits until the element ``locator`` is visible.</doc>
<status status="PASS" start="2026-05-11T15:24:31.409792" elapsed="0.059142"/>
</kw>
<kw name="Click Element" owner="SeleniumLibrary">
<msg time="2026-05-11T15:24:31.469832" level="INFO">Clicking element 'xpath=(//div[@role='row'])[2]'.</msg>
<arg>xpath=(//div[@role='row'])[2]</arg>
<doc>Click the element identified by ``locator``.</doc>
<status status="PASS" start="2026-05-11T15:24:31.469384" elapsed="0.602609"/>
</kw>
<kw name="Sleep" owner="BuiltIn">
<msg time="2026-05-11T15:24:35.072928" level="INFO">Slept 3 seconds.</msg>
<arg>3s</arg>
<doc>Pauses the test executed for the given time.</doc>
<status status="PASS" start="2026-05-11T15:24:32.072183" elapsed="3.001133"/>
</kw>
<status status="PASS" start="2026-05-11T15:24:31.408513" elapsed="3.665332"/>
</kw>
<kw name="Edit Employee First Name" owner="edit_employee_keywords">
<kw name="Wait Until Element Is Visible" owner="SeleniumLibrary">
<arg>name=firstName</arg>
<arg>timeout=10s</arg>
<doc>Waits until the element ``locator`` is visible.</doc>
<status status="PASS" start="2026-05-11T15:24:35.077269" elapsed="0.056847"/>
</kw>
<kw name="Click Element" owner="SeleniumLibrary">
<msg time="2026-05-11T15:24:35.134913" level="INFO">Clicking element 'name=firstName'.</msg>
<arg>name=firstName</arg>
<doc>Click the element identified by ``locator``.</doc>
<status status="PASS" start="2026-05-11T15:24:35.134512" elapsed="0.097612"/>
</kw>
<kw name="Press Keys" owner="SeleniumLibrary">
<msg time="2026-05-11T15:24:35.237516" level="INFO">Sending key(s) ('CTRL+a',) to name=firstName element.</msg>
<msg time="2026-05-11T15:24:35.542609" level="INFO">Pressing special key CONTROL down.</msg>
<msg time="2026-05-11T15:24:35.542885" level="INFO">Sending key a</msg>
<msg time="2026-05-11T15:24:35.543134" level="INFO">Releasing special key CONTROL.</msg>
<arg>name=firstName</arg>
<arg>CTRL+a</arg>
<doc>Simulates the user pressing key(s) to an element or on the active browser.</doc>
<status status="PASS" start="2026-05-11T15:24:35.232415" elapsed="0.337159"/>
</kw>
<kw name="Press Keys" owner="SeleniumLibrary">
<msg time="2026-05-11T15:24:35.570770" level="INFO">Sending key(s) ('BACKSPACE',) to name=firstName element.</msg>
<msg time="2026-05-11T15:24:35.873893" level="INFO">Pressing special key BACKSPACE to element.</msg>
<msg time="2026-05-11T15:24:35.874173" level="INFO">Releasing special key BACKSPACE.</msg>
<arg>name=firstName</arg>
<arg>BACKSPACE</arg>
<doc>Simulates the user pressing key(s) to an element or on the active browser.</doc>
<status status="PASS" start="2026-05-11T15:24:35.569985" elapsed="0.332885"/>
</kw>
<kw name="Input Text" owner="SeleniumLibrary">
<msg time="2026-05-11T15:24:35.903815" level="INFO">Typing text 'Son' into text field 'name=firstName'.</msg>
<arg>name=firstName</arg>
<arg>Son</arg>
<doc>Types the given ``text`` into the text field identified by ``locator``.</doc>
<status status="PASS" start="2026-05-11T15:24:35.903360" elapsed="0.108093"/>
</kw>
<kw name="Sleep" owner="BuiltIn">
<msg time="2026-05-11T15:24:39.012924" level="INFO">Slept 3 seconds.</msg>
<arg>3s</arg>
<doc>Pauses the test executed for the given time.</doc>
<status status="PASS" start="2026-05-11T15:24:36.011661" elapsed="3.001544"/>
</kw>
<status status="PASS" start="2026-05-11T15:24:35.076065" elapsed="3.937378"/>
</kw>
<kw name="Save Employee Information" owner="edit_employee_keywords">
<kw name="Wait Until Element Is Visible" owner="SeleniumLibrary">
<arg>xpath=(//button[@type='submit'])[1]</arg>
<arg>timeout=10s</arg>
<doc>Waits until the element ``locator`` is visible.</doc>
<status status="PASS" start="2026-05-11T15:24:39.015000" elapsed="0.043534"/>
</kw>
<kw name="Click Button" owner="SeleniumLibrary">
<msg time="2026-05-11T15:24:39.059415" level="INFO">Clicking button 'xpath=(//button[@type='submit'])[1]'.</msg>
<arg>xpath=(//button[@type='submit'])[1]</arg>
<doc>Clicks the button identified by ``locator``.</doc>
<status status="PASS" start="2026-05-11T15:24:39.058939" elapsed="0.144045"/>
</kw>
<kw name="Sleep" owner="BuiltIn">
<msg time="2026-05-11T15:24:42.203819" level="INFO">Slept 3 seconds.</msg>
<arg>3s</arg>
<doc>Pauses the test executed for the given time.</doc>
<status status="PASS" start="2026-05-11T15:24:39.203222" elapsed="3.000900"/>
</kw>
<status status="PASS" start="2026-05-11T15:24:39.014169" elapsed="3.190197"/>
</kw>
<kw name="Verify Employee Updated" owner="edit_employee_keywords">
<kw name="Wait Until Page Contains" owner="SeleniumLibrary">
<arg>Successfully Updated</arg>
<arg>timeout=10s</arg>
<doc>Waits until ``text`` appears on the current page.</doc>
<status status="PASS" start="2026-05-11T15:24:42.206237" elapsed="0.024814"/>
</kw>
<status status="PASS" start="2026-05-11T15:24:42.205171" elapsed="0.026088"/>
</kw>
<kw name="Close Browser" owner="SeleniumLibrary">
<doc>Closes the current browser.</doc>
<status status="PASS" start="2026-05-11T15:24:42.231941" elapsed="2.265706"/>
</kw>
<status status="PASS" start="2026-05-11T15:24:02.503955" elapsed="41.994522"/>
</test>
<status status="PASS" start="2026-05-11T15:24:02.479730" elapsed="42.020407"/>
</suite>
<suite id="s1-s5" name="Logout Test" source="C:\Users\admin\orangehrm-robot\tests\logout_test.robot">
<test id="s1-s5-t1" name="Logout Successfully" line="8">
<kw name="Open Browser To Login Page" owner="login_keywords">
<kw name="Evaluate" owner="BuiltIn">
<msg time="2026-05-11T15:24:44.516713" level="INFO">${options} = &lt;selenium.webdriver.chrome.options.Options object at 0x0000023C7163AFD0&gt;</msg>
<var>${options}</var>
<arg>sys.modules['selenium.webdriver'].ChromeOptions()</arg>
<arg>sys, selenium.webdriver</arg>
<doc>Evaluates the given expression in Python and returns the result.</doc>
<status status="PASS" start="2026-05-11T15:24:44.515694" elapsed="0.001063"/>
</kw>
<kw name="Call Method" owner="BuiltIn">
<arg>${options}</arg>
<arg>add_argument</arg>
<arg>--ignore-certificate-errors</arg>
<doc>Calls the named method of the given object with the provided arguments.</doc>
<status status="PASS" start="2026-05-11T15:24:44.516894" elapsed="0.000735"/>
</kw>
<kw name="Call Method" owner="BuiltIn">
<arg>${options}</arg>
<arg>add_argument</arg>
<arg>--allow-insecure-localhost</arg>
<doc>Calls the named method of the given object with the provided arguments.</doc>
<status status="PASS" start="2026-05-11T15:24:44.517781" elapsed="0.000707"/>
</kw>
<kw name="Open Browser" owner="SeleniumLibrary">
<msg time="2026-05-11T15:24:44.519295" level="INFO">Opening browser 'Chrome' to base url 'https://opensource-demo.orangehrmlive.com'.</msg>
<arg>${URL}</arg>
<arg>${BROWSER}</arg>
<arg>options=${options}</arg>
<doc>Opens a new browser instance to the optional ``url``.</doc>
<status status="PASS" start="2026-05-11T15:24:44.518662" elapsed="4.973874"/>
</kw>
<kw name="Maximize Browser Window" owner="SeleniumLibrary">
<doc>Maximizes current browser window.</doc>
<status status="PASS" start="2026-05-11T15:24:49.492772" elapsed="0.033084"/>
</kw>
<kw name="Wait Until Element Is Visible" owner="SeleniumLibrary">
<arg>name=username</arg>
<arg>timeout=10s</arg>
<doc>Waits until the element ``locator`` is visible.</doc>
<status status="PASS" start="2026-05-11T15:24:49.526134" elapsed="0.583020"/>
</kw>
<status status="PASS" start="2026-05-11T15:24:44.515357" elapsed="5.593964"/>
</kw>
<kw name="Input Username" owner="login_keywords">
<kw name="Input Text" owner="SeleniumLibrary">
<msg time="2026-05-11T15:24:50.111091" level="INFO">Typing text 'Admin' into text field 'name=username'.</msg>
<arg>name=username</arg>
<arg>${USERNAME}</arg>
<doc>Types the given ``text`` into the text field identified by ``locator``.</doc>
<status status="PASS" start="2026-05-11T15:24:50.110356" elapsed="0.108595"/>
</kw>
<kw name="Sleep" owner="BuiltIn">
<msg time="2026-05-11T15:24:51.221403" level="INFO">Slept 1 second.</msg>
<arg>1s</arg>
<doc>Pauses the test executed for the given time.</doc>
<status status="PASS" start="2026-05-11T15:24:50.219227" elapsed="1.002438"/>
</kw>
<status status="PASS" start="2026-05-11T15:24:50.109856" elapsed="1.112042"/>
</kw>
<kw name="Input Password" owner="login_keywords">
<kw name="Input Text" owner="SeleniumLibrary">
<msg time="2026-05-11T15:24:51.224622" level="INFO">Typing text 'admin123' into text field 'name=password'.</msg>
<arg>name=password</arg>
<arg>${PASSWORD}</arg>
<doc>Types the given ``text`` into the text field identified by ``locator``.</doc>
<status status="PASS" start="2026-05-11T15:24:51.223435" elapsed="0.167935"/>
</kw>
<kw name="Sleep" owner="BuiltIn">
<msg time="2026-05-11T15:24:52.393382" level="INFO">Slept 1 second.</msg>
<arg>1s</arg>
<doc>Pauses the test executed for the given time.</doc>
<status status="PASS" start="2026-05-11T15:24:51.391568" elapsed="1.001987"/>
</kw>
<status status="PASS" start="2026-05-11T15:24:51.222772" elapsed="1.170928"/>
</kw>
<kw name="Click Login Button" owner="login_keywords">
<kw name="Click Element" owner="SeleniumLibrary">
<msg time="2026-05-11T15:24:52.395587" level="INFO">Clicking element 'xpath=//button[@type='submit']'.</msg>
<arg>xpath=//button[@type='submit']</arg>
<doc>Click the element identified by ``locator``.</doc>
<status status="PASS" start="2026-05-11T15:24:52.394798" elapsed="0.137203"/>
</kw>
<kw name="Sleep" owner="BuiltIn">
<msg time="2026-05-11T15:24:53.534293" level="INFO">Slept 1 second.</msg>
<arg>1s</arg>
<doc>Pauses the test executed for the given time.</doc>
<status status="PASS" start="2026-05-11T15:24:52.532298" elapsed="1.002662"/>
</kw>
<status status="PASS" start="2026-05-11T15:24:52.394364" elapsed="1.143064"/>
</kw>
<kw name="Verify Login Successful" owner="login_keywords">
<kw name="Wait Until Page Contains" owner="SeleniumLibrary">
<arg>Dashboard</arg>
<arg>timeout=10s</arg>
<doc>Waits until ``text`` appears on the current page.</doc>
<status status="PASS" start="2026-05-11T15:24:53.541584" elapsed="0.789985"/>
</kw>
<kw name="Page Should Contain" owner="SeleniumLibrary">
<msg time="2026-05-11T15:24:54.365845" level="INFO">Current page contains text 'Dashboard'.</msg>
<arg>Dashboard</arg>
<doc>Verifies that current page contains ``text``.</doc>
<status status="PASS" start="2026-05-11T15:24:54.331888" elapsed="0.034339"/>
</kw>
<kw name="Sleep" owner="BuiltIn">
<msg time="2026-05-11T15:24:55.378834" level="INFO">Slept 1 second.</msg>
<arg>1s</arg>
<doc>Pauses the test executed for the given time.</doc>
<status status="PASS" start="2026-05-11T15:24:54.366500" elapsed="1.012515"/>
</kw>
<status status="PASS" start="2026-05-11T15:24:53.539706" elapsed="1.839428"/>
</kw>
<kw name="Open User Dropdown" owner="logout_keywords">
<kw name="Click Element" owner="SeleniumLibrary">
<msg time="2026-05-11T15:24:55.380888" level="INFO">Clicking element 'xpath=//span[@class='oxd-userdropdown-tab']'.</msg>
<arg>xpath=//span[@class='oxd-userdropdown-tab']</arg>
<doc>Click the element identified by ``locator``.</doc>
<status status="PASS" start="2026-05-11T15:24:55.380191" elapsed="0.212629"/>
</kw>
<kw name="Sleep" owner="BuiltIn">
<msg time="2026-05-11T15:24:58.594639" level="INFO">Slept 3 seconds.</msg>
<arg>3s</arg>
<doc>Pauses the test executed for the given time.</doc>
<status status="PASS" start="2026-05-11T15:24:55.593009" elapsed="3.002029"/>
</kw>
<kw name="Wait Until Element Is Visible" owner="SeleniumLibrary">
<arg>xpath=//a[text()='Logout']</arg>
<arg>10s</arg>
<doc>Waits until the element ``locator`` is visible.</doc>
<status status="PASS" start="2026-05-11T15:24:58.595651" elapsed="0.078163"/>
</kw>
<kw name="Sleep" owner="BuiltIn">
<msg time="2026-05-11T15:25:01.676061" level="INFO">Slept 3 seconds.</msg>
<arg>3s</arg>
<doc>Pauses the test executed for the given time.</doc>
<status status="PASS" start="2026-05-11T15:24:58.674176" elapsed="3.002324"/>
</kw>
<status status="PASS" start="2026-05-11T15:24:55.379602" elapsed="6.297305"/>
</kw>
<kw name="Click Logout" owner="logout_keywords">
<kw name="Click Element" owner="SeleniumLibrary">
<msg time="2026-05-11T15:25:01.681191" level="INFO">Clicking element 'xpath=//a[text()='Logout']'.</msg>
<arg>xpath=//a[text()='Logout']</arg>
<doc>Click the element identified by ``locator``.</doc>
<status status="PASS" start="2026-05-11T15:25:01.679533" elapsed="6.716910"/>
</kw>
<kw name="Sleep" owner="BuiltIn">
<msg time="2026-05-11T15:25:11.398088" level="INFO">Slept 3 seconds.</msg>
<arg>3s</arg>
<doc>Pauses the test executed for the given time.</doc>
<status status="PASS" start="2026-05-11T15:25:08.396794" elapsed="3.001603"/>
</kw>
<status status="PASS" start="2026-05-11T15:25:01.678258" elapsed="9.720435"/>
</kw>
<kw name="Verify Logout Success" owner="logout_keywords">
<kw name="Wait Until Element Is Visible" owner="SeleniumLibrary">
<arg>xpath=//h5[text()='Login']</arg>
<arg>10s</arg>
<doc>Waits until the element ``locator`` is visible.</doc>
<status status="PASS" start="2026-05-11T15:25:11.400878" elapsed="0.082249"/>
</kw>
<kw name="Page Should Contain" owner="SeleniumLibrary">
<msg time="2026-05-11T15:25:11.499483" level="INFO">Current page contains text 'Login'.</msg>
<arg>Login</arg>
<doc>Verifies that current page contains ``text``.</doc>
<status status="PASS" start="2026-05-11T15:25:11.483330" elapsed="0.016273"/>
</kw>
<status status="PASS" start="2026-05-11T15:25:11.399653" elapsed="0.100063"/>
</kw>
<kw name="Close My Browser" owner="login_keywords">
<kw name="Close Browser" owner="SeleniumLibrary">
<doc>Closes the current browser.</doc>
<status status="PASS" start="2026-05-11T15:25:11.500573" elapsed="2.306340"/>
</kw>
<status status="PASS" start="2026-05-11T15:25:11.500194" elapsed="2.306927"/>
</kw>
<timeout value="1 minute"/>
<status status="PASS" start="2026-05-11T15:24:44.514624" elapsed="29.294387"/>
</test>
<status status="PASS" start="2026-05-11T15:24:44.503139" elapsed="29.306794"/>
</suite>
<status status="FAIL" start="2026-05-11T15:22:27.418557" elapsed="166.393571"/>
</suite>
<statistics>
<total>
<stat pass="4" fail="1" skip="0">All Tests</stat>
</total>
<tag>
</tag>
<suite>
<stat name="Login Test &amp; Add Employee Test &amp; Search Employee Test &amp; Edit Employee Test &amp; Logout Test" id="s1" pass="4" fail="1" skip="0">Login Test &amp; Add Employee Test &amp; Search Employee Test &amp; Edit Employee Test &amp; Logout Test</stat>
<stat name="Login Test" id="s1-s1" pass="1" fail="0" skip="0">Login Test &amp; Add Employee Test &amp; Search Employee Test &amp; Edit Employee Test &amp; Logout Test.Login Test</stat>
<stat name="Add Employee Test" id="s1-s2" pass="1" fail="0" skip="0">Login Test &amp; Add Employee Test &amp; Search Employee Test &amp; Edit Employee Test &amp; Logout Test.Add Employee Test</stat>
<stat name="Search Employee Test" id="s1-s3" pass="0" fail="1" skip="0">Login Test &amp; Add Employee Test &amp; Search Employee Test &amp; Edit Employee Test &amp; Logout Test.Search Employee Test</stat>
<stat name="Edit Employee Test" id="s1-s4" pass="1" fail="0" skip="0">Login Test &amp; Add Employee Test &amp; Search Employee Test &amp; Edit Employee Test &amp; Logout Test.Edit Employee Test</stat>
<stat name="Logout Test" id="s1-s5" pass="1" fail="0" skip="0">Login Test &amp; Add Employee Test &amp; Search Employee Test &amp; Edit Employee Test &amp; Logout Test.Logout Test</stat>
</suite>
</statistics>
<errors>
</errors>
</robot>
