<?xml version="1.0" encoding="UTF-8"?>
<robot generator="Robot 7.3.2 (Python 3.14.4 on win32)" generated="2026-05-13T15:22:06.307351" rpa="false" schemaversion="5">
<suite id="s1" name="Orangehrm-Robot" source="C:\Users\admin\orangehrm-robot">
<suite id="s1-s1" name="Tests" source="C:\Users\admin\orangehrm-robot\tests">
<suite id="s1-s1-s1" name="Login Test" source="C:\Users\admin\orangehrm-robot\tests\login_test.robot">
<test id="s1-s1-s1-t1" name="Login With Valid Credentials" line="6">
<kw name="Open Browser To Login Page" owner="login_keywords">
<kw name="Evaluate" owner="BuiltIn">
<msg time="2026-05-13T15:22:06.878308" level="INFO">${options} = &lt;selenium.webdriver.chrome.options.Options object at 0x0000020C8E660C20&gt;</msg>
<var>${options}</var>
<arg>sys.modules['selenium.webdriver'].ChromeOptions()</arg>
<arg>sys, selenium.webdriver</arg>
<doc>Evaluates the given expression in Python and returns the result.</doc>
<status status="PASS" start="2026-05-13T15:22:06.875884" elapsed="0.002714"/>
</kw>
<kw name="Call Method" owner="BuiltIn">
<arg>${options}</arg>
<arg>add_argument</arg>
<arg>--ignore-certificate-errors</arg>
<doc>Calls the named method of the given object with the provided arguments.</doc>
<status status="PASS" start="2026-05-13T15:22:06.878890" elapsed="0.001041"/>
</kw>
<kw name="Call Method" owner="BuiltIn">
<arg>${options}</arg>
<arg>add_argument</arg>
<arg>--allow-insecure-localhost</arg>
<doc>Calls the named method of the given object with the provided arguments.</doc>
<status status="PASS" start="2026-05-13T15:22:06.880855" elapsed="0.001825"/>
</kw>
<kw name="Open Browser" owner="SeleniumLibrary">
<msg time="2026-05-13T15:22:06.884354" level="INFO">Opening browser 'Chrome' to base url 'https://opensource-demo.orangehrmlive.com'.</msg>
<arg>${URL}</arg>
<arg>${BROWSER}</arg>
<arg>options=${options}</arg>
<doc>Opens a new browser instance to the optional ``url``.</doc>
<status status="PASS" start="2026-05-13T15:22:06.883092" elapsed="12.179941"/>
</kw>
<kw name="Maximize Browser Window" owner="SeleniumLibrary">
<doc>Maximizes current browser window.</doc>
<status status="PASS" start="2026-05-13T15:22:19.063425" elapsed="0.037185"/>
</kw>
<kw name="Wait Until Element Is Visible" owner="SeleniumLibrary">
<arg>name=username</arg>
<arg>timeout=10s</arg>
<doc>Waits until the element ``locator`` is visible.</doc>
<status status="PASS" start="2026-05-13T15:22:19.101117" elapsed="9.876746"/>
</kw>
<status status="PASS" start="2026-05-13T15:22:06.874370" elapsed="22.103983"/>
</kw>
<kw name="Input Username" owner="login_keywords">
<kw name="Input Text" owner="SeleniumLibrary">
<msg time="2026-05-13T15:22:28.981537" level="INFO">Typing text 'Admin' into text field 'name=username'.</msg>
<arg>name=username</arg>
<arg>${USERNAME}</arg>
<doc>Types the given ``text`` into the text field identified by ``locator``.</doc>
<status status="PASS" start="2026-05-13T15:22:28.980433" elapsed="0.108546"/>
</kw>
<kw name="Sleep" owner="BuiltIn">
<msg time="2026-05-13T15:22:30.091515" level="INFO">Slept 1 second.</msg>
<arg>1s</arg>
<doc>Pauses the test executed for the given time.</doc>
<status status="PASS" start="2026-05-13T15:22:29.089248" elapsed="1.004131"/>
</kw>
<status status="PASS" start="2026-05-13T15:22:28.979385" elapsed="1.115180"/>
</kw>
<kw name="Input Password" owner="login_keywords">
<kw name="Input Text" owner="SeleniumLibrary">
<msg time="2026-05-13T15:22:30.101675" level="INFO">Typing text 'admin123' into text field 'name=password'.</msg>
<arg>name=password</arg>
<arg>${PASSWORD}</arg>
<doc>Types the given ``text`` into the text field identified by ``locator``.</doc>
<status status="PASS" start="2026-05-13T15:22:30.099053" elapsed="0.178349"/>
</kw>
<kw name="Sleep" owner="BuiltIn">
<msg time="2026-05-13T15:22:31.279426" level="INFO">Slept 1 second.</msg>
<arg>1s</arg>
<doc>Pauses the test executed for the given time.</doc>
<status status="PASS" start="2026-05-13T15:22:30.277825" elapsed="1.002571"/>
</kw>
<status status="PASS" start="2026-05-13T15:22:30.096885" elapsed="1.184179"/>
</kw>
<kw name="Click Login Button" owner="login_keywords">
<kw name="Click Element" owner="SeleniumLibrary">
<msg time="2026-05-13T15:22:31.289016" level="INFO">Clicking element 'xpath=//button[@type='submit']'.</msg>
<msg time="2026-05-13T15:23:11.612753" level="INFO" html="true">&lt;/td&gt;&lt;/tr&gt;&lt;tr&gt;&lt;td colspan="3"&gt;&lt;a href="selenium-screenshot-27.png"&gt;&lt;img src="selenium-screenshot-27.png" width="800px"&gt;&lt;/a&gt;</msg>
<msg time="2026-05-13T15:23:11.613516" level="FAIL">Test timeout 1 minute exceeded.</msg>
<arg>xpath=//button[@type='submit']</arg>
<doc>Click the element identified by ``locator``.</doc>
<status status="FAIL" start="2026-05-13T15:22:31.285729" elapsed="40.332522">Test timeout 1 minute exceeded.</status>
</kw>
<kw name="Sleep" owner="BuiltIn">
<arg>1s</arg>
<doc>Pauses the test executed for the given time.</doc>
<status status="NOT RUN" start="2026-05-13T15:23:11.618656" elapsed="0.000459"/>
</kw>
<status status="FAIL" start="2026-05-13T15:22:31.283213" elapsed="40.336234">Test timeout 1 minute exceeded.</status>
</kw>
<kw name="Verify Login Successful" owner="login_keywords">
<status status="NOT RUN" start="2026-05-13T15:23:11.620152" elapsed="0.000378"/>
</kw>
<kw name="Close My Browser" owner="login_keywords">
<status status="NOT RUN" start="2026-05-13T15:23:11.621055" elapsed="0.000267"/>
</kw>
<timeout value="1 minute"/>
<status status="FAIL" start="2026-05-13T15:22:06.863107" elapsed="64.758710">Test timeout 1 minute exceeded.</status>
</test>
<status status="FAIL" start="2026-05-13T15:22:06.520474" elapsed="65.113262"/>
</suite>
<status status="FAIL" start="2026-05-13T15:22:06.512718" elapsed="65.127209"/>
</suite>
<status status="FAIL" start="2026-05-13T15:22:06.315751" elapsed="65.340824"/>
</suite>
<statistics>
<total>
<stat pass="0" fail="1" skip="0">All Tests</stat>
</total>
<tag>
</tag>
<suite>
<stat name="Orangehrm-Robot" id="s1" pass="0" fail="1" skip="0">Orangehrm-Robot</stat>
<stat name="Tests" id="s1-s1" pass="0" fail="1" skip="0">Orangehrm-Robot.Tests</stat>
<stat name="Login Test" id="s1-s1-s1" pass="0" fail="1" skip="0">Orangehrm-Robot.Tests.Login Test</stat>
</suite>
</statistics>
<errors>
</errors>
</robot>
